2016-08-08T20:33:12.392Z Launching
2016-08-08T20:33:12.392Z ARG:-main
2016-08-08T20:33:12.392Z ARG (-main):com.idc.sigma.launcher.Bootstrap
2016-08-08T20:33:12.392Z ARG:-method
2016-08-08T20:33:12.392Z ARG (-method):main
2016-08-08T20:33:12.392Z ARG:-mode
2016-08-08T20:33:12.392Z ARG (-mode):1
2016-08-08T20:36:35.595Z Launching
2016-08-08T20:36:35.595Z ARG:-main
2016-08-08T20:36:35.595Z ARG (-main):com.idc.sigma.launcher.Bootstrap
2016-08-08T20:36:35.595Z ARG:-method
2016-08-08T20:36:35.595Z ARG (-method):main
2016-08-08T20:36:35.595Z ARG:-mode
2016-08-08T20:36:35.595Z ARG (-mode):1
2016-08-08T20:40:49.849Z Launching
2016-08-08T20:40:49.849Z ARG:-main
2016-08-08T20:40:49.849Z ARG (-main):com.idc.sigma.launcher.Bootstrap
2016-08-08T20:40:49.849Z ARG:-method
2016-08-08T20:40:49.849Z ARG (-method):main
2016-08-08T20:40:49.849Z ARG:-mode
2016-08-08T20:40:49.849Z ARG (-mode):1
2016-08-08T20:46:27.187Z Launching
2016-08-08T20:46:27.187Z ARG:-main
2016-08-08T20:46:27.187Z ARG (-main):com.idc.sigma.launcher.Bootstrap
2016-08-08T20:46:27.187Z ARG:-method
2016-08-08T20:46:27.187Z ARG (-method):main
2016-08-08T20:46:27.187Z ARG:-mode
2016-08-08T20:46:27.187Z ARG (-mode):1
2016-08-08T21:14:05.845Z Launching
2016-08-08T21:14:05.845Z ARG:-main
2016-08-08T21:14:05.845Z ARG (-main):com.idc.sigma.launcher.Bootstrap
2016-08-08T21:14:05.845Z ARG:-method
2016-08-08T21:14:05.845Z ARG (-method):main
2016-08-08T21:14:05.845Z ARG:-mode
2016-08-08T21:14:05.845Z ARG (-mode):1
2016-08-08T21:15:11.911Z Launching
2016-08-08T21:15:11.911Z ARG:-main
2016-08-08T21:15:11.911Z ARG (-main):com.idc.sigma.launcher.Bootstrap
2016-08-08T21:15:11.911Z ARG:-method
2016-08-08T21:15:11.911Z ARG (-method):main
2016-08-08T21:15:11.911Z ARG:-mode
2016-08-08T21:15:11.911Z ARG (-mode):1
2016-08-08T21:16:41.001Z Launching
2016-08-08T21:16:41.001Z ARG:-main
2016-08-08T21:16:41.001Z ARG (-main):com.idc.sigma.launcher.Bootstrap
2016-08-08T21:16:41.001Z ARG:-method
2016-08-08T21:16:41.001Z ARG (-method):main
2016-08-08T21:16:41.001Z ARG:-mode
2016-08-08T21:16:41.001Z ARG (-mode):1
2016-08-08T21:18:43.123Z Launching
2016-08-08T21:18:43.123Z ARG:-main
2016-08-08T21:18:43.123Z ARG (-main):com.idc.sigma.launcher.Bootstrap
2016-08-08T21:18:43.123Z ARG:-method
2016-08-08T21:18:43.123Z ARG (-method):main
2016-08-08T21:18:43.123Z ARG:-mode
2016-08-08T21:18:43.123Z ARG (-mode):1
2016-08-08T21:18:53.133Z Launching
2016-08-08T21:18:53.133Z ARG:-main
2016-08-08T21:18:53.133Z ARG (-main):com.idc.sigma.launcher.Bootstrap
2016-08-08T21:18:53.133Z ARG:-method
2016-08-08T21:18:53.133Z ARG (-method):main
2016-08-08T21:18:53.133Z ARG:-mode
2016-08-08T21:18:53.133Z ARG (-mode):1
2016-08-08T21:19:34.174Z Launching
2016-08-08T21:19:34.174Z ARG:-main
2016-08-08T21:19:34.174Z ARG (-main):com.idc.sigma.launcher.Bootstrap
2016-08-08T21:19:34.174Z ARG:-method
2016-08-08T21:19:34.174Z ARG (-method):main
2016-08-08T21:19:34.174Z ARG:-mode
2016-08-08T21:19:34.174Z ARG (-mode):1
2016-08-08T21:20:36.236Z Launching
2016-08-08T21:20:36.236Z ARG:-main
2016-08-08T21:20:36.236Z ARG (-main):com.idc.sigma.launcher.Bootstrap
2016-08-08T21:20:36.236Z ARG:-method
2016-08-08T21:20:36.236Z ARG (-method):main
2016-08-08T21:20:36.236Z ARG:-mode
2016-08-08T21:20:36.236Z ARG (-mode):1
2016-08-08T21:20:54.254Z Launching
2016-08-08T21:20:54.254Z ARG:-main
2016-08-08T21:20:54.254Z ARG (-main):com.idc.sigma.launcher.Bootstrap
2016-08-08T21:20:54.254Z ARG:-method
2016-08-08T21:20:54.254Z ARG (-method):main
2016-08-08T21:20:54.254Z ARG:-mode
2016-08-08T21:20:54.254Z ARG (-mode):1
2016-08-08T21:21:04.264Z Launching
2016-08-08T21:21:04.264Z ARG:-main
2016-08-08T21:21:04.264Z ARG (-main):com.idc.sigma.launcher.Bootstrap
2016-08-08T21:21:04.264Z ARG:-method
2016-08-08T21:21:04.264Z ARG (-method):main
2016-08-08T21:21:04.264Z ARG:-mode
2016-08-08T21:21:04.264Z ARG (-mode):1
2016-08-08T21:21:36.296Z Launching
2016-08-08T21:21:36.296Z ARG:-main
2016-08-08T21:21:36.296Z ARG (-main):com.idc.sigma.launcher.Bootstrap
2016-08-08T21:21:36.296Z ARG:-method
2016-08-08T21:21:36.296Z ARG (-method):main
2016-08-08T21:21:36.296Z ARG:-mode
2016-08-08T21:21:36.296Z ARG (-mode):1
2016-08-08T21:21:55.315Z Launching
2016-08-08T21:21:55.315Z ARG:-main
2016-08-08T21:21:55.315Z ARG (-main):com.idc.sigma.launcher.Bootstrap
2016-08-08T21:21:55.315Z ARG:-method
2016-08-08T21:21:55.315Z ARG (-method):main
2016-08-08T21:21:55.315Z ARG:-mode
2016-08-08T21:21:55.315Z ARG (-mode):1
2016-08-08T21:22:06.326Z Launching
2016-08-08T21:22:06.326Z ARG:-main
2016-08-08T21:22:06.326Z ARG (-main):com.idc.sigma.launcher.Bootstrap
2016-08-08T21:22:06.326Z ARG:-method
2016-08-08T21:22:06.326Z ARG (-method):main
2016-08-08T21:22:06.326Z ARG:-mode
2016-08-08T21:22:06.326Z ARG (-mode):1
2016-08-08T21:23:22.402Z Launching
2016-08-08T21:23:22.402Z ARG:-main
2016-08-08T21:23:22.402Z ARG (-main):com.idc.sigma.launcher.Bootstrap
2016-08-08T21:23:22.402Z ARG:-method
2016-08-08T21:23:22.402Z ARG (-method):main
2016-08-08T21:23:22.402Z ARG:-mode
2016-08-08T21:23:22.402Z ARG (-mode):1
2016-08-08T21:27:48.668Z Launching
2016-08-08T21:27:48.668Z ARG:-main
2016-08-08T21:27:48.668Z ARG (-main):com.idc.sigma.launcher.Bootstrap
2016-08-08T21:27:48.668Z ARG:-method
2016-08-08T21:27:48.668Z ARG (-method):main
2016-08-08T21:27:48.668Z ARG:-mode
2016-08-08T21:27:48.668Z ARG (-mode):1
2016-08-08T21:28:05.685Z Launching
2016-08-08T21:28:05.685Z ARG:-main
2016-08-08T21:28:05.685Z ARG (-main):com.idc.sigma.launcher.Bootstrap
2016-08-08T21:28:05.685Z ARG:-method
2016-08-08T21:28:05.685Z ARG (-method):main
2016-08-08T21:28:05.685Z ARG:-mode
2016-08-08T21:28:05.685Z ARG (-mode):1
2016-08-08T21:28:36.716Z Launching
2016-08-08T21:28:36.716Z ARG:-main
2016-08-08T21:28:36.716Z ARG (-main):com.idc.sigma.launcher.Bootstrap
2016-08-08T21:28:36.716Z ARG:-method
2016-08-08T21:28:36.716Z ARG (-method):main
2016-08-08T21:28:36.716Z ARG:-mode
2016-08-08T21:28:36.716Z ARG (-mode):1
2016-08-08T21:29:08.748Z Launching
2016-08-08T21:29:08.748Z ARG:-main
2016-08-08T21:29:08.748Z ARG (-main):com.idc.sigma.launcher.Bootstrap
2016-08-08T21:29:08.748Z ARG:-method
2016-08-08T21:29:08.748Z ARG (-method):main
2016-08-08T21:29:08.748Z ARG:-mode
2016-08-08T21:29:08.748Z ARG (-mode):1
2016-08-08T21:32:09.929Z Launching
2016-08-08T21:32:09.929Z ARG:-main
2016-08-08T21:32:09.929Z ARG (-main):com.idc.sigma.launcher.Bootstrap
2016-08-08T21:32:09.929Z ARG:-method
2016-08-08T21:32:09.929Z ARG (-method):main
2016-08-08T21:32:09.929Z ARG:-mode
2016-08-08T21:32:09.929Z ARG (-mode):1
2016-08-08T21:32:47.967Z Launching
2016-08-08T21:32:47.967Z ARG:-main
2016-08-08T21:32:47.967Z ARG (-main):com.idc.sigma.launcher.Bootstrap
2016-08-08T21:32:47.967Z ARG:-method
2016-08-08T21:32:47.967Z ARG (-method):main
2016-08-08T21:32:47.967Z ARG:-mode
2016-08-08T21:32:47.967Z ARG (-mode):1
2016-08-08T21:47:05.825Z Launching
2016-08-08T21:47:05.825Z ARG:-main
2016-08-08T21:47:05.825Z ARG (-main):com.idc.sigma.launcher.Bootstrap
2016-08-08T21:47:05.825Z ARG:-method
2016-08-08T21:47:05.825Z ARG (-method):main
2016-08-08T21:47:05.825Z ARG:-mode
2016-08-08T21:47:05.825Z ARG (-mode):1
2016-08-08T21:48:07.887Z Launching
2016-08-08T21:48:07.887Z ARG:-main
2016-08-08T21:48:07.887Z ARG (-main):com.idc.sigma.launcher.Bootstrap
2016-08-08T21:48:07.887Z ARG:-method
2016-08-08T21:48:07.887Z ARG (-method):main
2016-08-08T21:48:07.887Z ARG:-mode
2016-08-08T21:48:07.887Z ARG (-mode):1
2016-08-08T21:48:56.936Z Launching
2016-08-08T21:48:56.936Z ARG:-main
2016-08-08T21:48:56.936Z ARG (-main):com.idc.sigma.launcher.Bootstrap
2016-08-08T21:48:56.936Z ARG:-method
2016-08-08T21:48:56.936Z ARG (-method):main
2016-08-08T21:48:56.936Z ARG:-mode
2016-08-08T21:48:56.936Z ARG (-mode):1
2016-08-08T21:49:36.976Z Launching
2016-08-08T21:49:36.976Z ARG:-main
2016-08-08T21:49:36.976Z ARG (-main):com.idc.sigma.launcher.Bootstrap
2016-08-08T21:49:36.976Z ARG:-method
2016-08-08T21:49:36.976Z ARG (-method):main
2016-08-08T21:49:36.976Z ARG:-mode
2016-08-08T21:49:36.976Z ARG (-mode):1
2016-08-08T21:49:52.992Z Launching
2016-08-08T21:49:52.992Z ARG:-main
2016-08-08T21:49:52.992Z ARG (-main):com.idc.sigma.launcher.Bootstrap
2016-08-08T21:49:52.992Z ARG:-method
2016-08-08T21:49:52.992Z ARG (-method):main
2016-08-08T21:49:52.992Z ARG:-mode
2016-08-08T21:49:52.992Z ARG (-mode):1
2016-08-08T21:51:50.110Z Launching
2016-08-08T21:51:50.110Z ARG:-main
2016-08-08T21:51:50.110Z ARG (-main):com.idc.sigma.launcher.Bootstrap
2016-08-08T21:51:50.110Z ARG:-method
2016-08-08T21:51:50.110Z ARG (-method):main
2016-08-08T21:51:50.110Z ARG:-mode
2016-08-08T21:51:50.110Z ARG (-mode):1
2016-08-08T21:56:29.389Z Launching
2016-08-08T21:56:29.389Z ARG:-main
2016-08-08T21:56:30.390Z ARG (-main):com.idc.sigma.launcher.Bootstrap
2016-08-08T21:56:30.390Z ARG:-method
2016-08-08T21:56:30.390Z ARG (-method):main
2016-08-08T21:56:30.390Z ARG:-mode
2016-08-08T21:56:30.390Z ARG (-mode):1
2016-08-08T21:57:11.431Z Launching
2016-08-08T21:57:11.431Z ARG:-main
2016-08-08T21:57:11.431Z ARG (-main):com.idc.sigma.launcher.Bootstrap
2016-08-08T21:57:11.431Z ARG:-method
2016-08-08T21:57:11.431Z ARG (-method):main
2016-08-08T21:57:11.431Z ARG:-mode
2016-08-08T21:57:11.431Z ARG (-mode):1
2016-08-08T21:58:20.500Z Launching
2016-08-08T21:58:20.500Z ARG:-main
2016-08-08T21:58:20.500Z ARG (-main):com.idc.sigma.launcher.Bootstrap
2016-08-08T21:58:20.500Z ARG:-method
2016-08-08T21:58:20.500Z ARG (-method):main
2016-08-08T21:58:20.500Z ARG:-mode
2016-08-08T21:58:20.500Z ARG (-mode):1
